<?xml version="1.0" encoding="UTF-8"?>
<!-- Generated by org.testng.reporters.JUnitReportReporter -->
<testsuite hostname="microsof-61a05c" name="ru.st.selenium.LoginTest" tests="1" failures="0" timestamp="28 Jul 2014 17:07:58 GMT" time="5.719" errors="0">
  <testcase name="testUntitled" time="5.719" classname="ru.st.selenium.LoginTest"/>
</testsuite> <!-- ru.st.selenium.LoginTest -->
