<?xml version="1.0" encoding="UTF-8"?>
<!-- Generated by org.testng.reporters.JUnitReportReporter -->
<testsuite hostname="microsof-61a05c" name="ru.st.selenium.LoginTest" tests="1" failures="0" timestamp="27 Jul 2014 16:56:09 GMT" time="4.125" errors="0">
  <testcase name="testUntitled" time="4.125" classname="ru.st.selenium.LoginTest"/>
</testsuite> <!-- ru.st.selenium.LoginTest -->
